<?xml version="1.0" encoding="UTF-8"?>
<!-- Generated by org.testng.reporters.JUnitReportReporter -->
<testsuite hostname="DESKTOP-JR9TA2R" failures="0" tests="1" name="project12.TestNg1" time="4.482" errors="0" timestamp="2022-05-22T23:26:20 IST" skipped="0">
  <testcase classname="project12.TestNg1" name="verifyrentmodule" time="4.482"/>
  <system-out/>
</testsuite> <!-- project12.TestNg1 -->
